<?xml version="1.0" encoding="UTF-8"?>
<!-- Generated by org.testng.reporters.JUnitReportReporter -->
<testsuite skipped="0" hostname="DESKTOP-UHNMMSV" name="egApi.BaseTest" tests="1" failures="0" timestamp="10 Dec 2019 11:29:05 GMT" time="0.052" errors="0">
  <testcase name="BaseTest" time="0.052" classname="egApi.BaseTest"/>
</testsuite> <!-- egApi.BaseTest -->
