<?xml version="1.0" encoding="UTF-8"?>
<!-- Generated by org.testng.reporters.JUnitReportReporter -->
<testsuite skipped="0" hostname="DESKTOP-UHNMMSV" name="egApi.sop" tests="1" failures="0" timestamp="10 Dec 2019 10:58:10 GMT" time="0.050" errors="0">
  <testcase name="run" time="0.050" classname="egApi.sop"/>
</testsuite> <!-- egApi.sop -->
